<?xml version="1.0" encoding="UTF-8"?>
<!-- Generated by org.testng.reporters.JUnitXMLReporter -->
<<<<<<< HEAD
<testsuite hostname="Souviks-MacBook-Pro.local" failures="0" tests="31" name="Default test" time="5.003" errors="0" timestamp="4 Nov 2019 18:43:48 GMT">
  <testcase classname="com.fusioncharts.testcases.OnLoadEventsTest" name="@BeforeTest setUp" time="0.0">
    <failure type="org.openqa.selenium.NoSuchWindowException" message="no such window: window was already closed
  (Session info: chrome=78.0.3904.70)
  (Driver info: chromedriver=2.44.609545 (c2f88692e98ce7233d2df7c724465ecacfe74df5),platform=Mac OS X 10.13.6 x86_64) (WARNING: The server did not provide any stacktrace information)
Command duration or timeout: 0 milliseconds
Build info: version: &amp;apos;3.141.59&amp;apos;, revision: &amp;apos;e82be7d358&amp;apos;, time: &amp;apos;2018-11-14T08:17:03&amp;apos;
System info: host: &amp;apos;Souviks-MacBook-Pro.local&amp;apos;, ip: &amp;apos;2405:204:411a:8b50:c589:d063:5deb:c2c6%en0&amp;apos;, os.name: &amp;apos;Mac OS X&amp;apos;, os.arch: &amp;apos;x86_64&amp;apos;, os.version: &amp;apos;10.13.6&amp;apos;, java.version: &amp;apos;10.0.2&amp;apos;
Driver info: org.openqa.selenium.chrome.ChromeDriver
Capabilities {acceptInsecureCerts: false, acceptSslCerts: false, applicationCacheEnabled: false, browserConnectionEnabled: false, browserName: chrome, chrome: {chromedriverVersion: 2.44.609545 (c2f88692e98ce7..., userDataDir: /var/folders/k7/rp8r07gn3gn...}, cssSelectorsEnabled: true, databaseEnabled: false, goog:chromeOptions: {debuggerAddress: localhost:51456}, handlesAlerts: true, hasTouchScreen: false, javascriptEnabled: true, locationContextEnabled: true, mobileEmulationEnabled: false, nativeEvents: true, networkConnectionEnabled: false, pageLoadStrategy: normal, platform: MAC, platformName: MAC, rotatable: false, setWindowRect: true, takesHeapSnapshot: true, takesScreenshot: true, unexpectedAlertBehaviour: ignore, unhandledPromptBehavior: ignore, version: 78.0.3904.70, webStorageEnabled: true}
Session ID: dcce0002ad441b773506285e37a855bf">
      <![CDATA[org.openqa.selenium.NoSuchWindowException: no such window: window was already closed
  (Session info: chrome=78.0.3904.70)
  (Driver info: chromedriver=2.44.609545 (c2f88692e98ce7233d2df7c724465ecacfe74df5),platform=Mac OS X 10.13.6 x86_64) (WARNING: The server did not provide any stacktrace information)
Command duration or timeout: 0 milliseconds
Build info: version: '3.141.59', revision: 'e82be7d358', time: '2018-11-14T08:17:03'
System info: host: 'Souviks-MacBook-Pro.local', ip: '2405:204:411a:8b50:c589:d063:5deb:c2c6%en0', os.name: 'Mac OS X', os.arch: 'x86_64', os.version: '10.13.6', java.version: '10.0.2'
Driver info: org.openqa.selenium.chrome.ChromeDriver
Capabilities {acceptInsecureCerts: false, acceptSslCerts: false, applicationCacheEnabled: false, browserConnectionEnabled: false, browserName: chrome, chrome: {chromedriverVersion: 2.44.609545 (c2f88692e98ce7..., userDataDir: /var/folders/k7/rp8r07gn3gn...}, cssSelectorsEnabled: true, databaseEnabled: false, goog:chromeOptions: {debuggerAddress: localhost:51456}, handlesAlerts: true, hasTouchScreen: false, javascriptEnabled: true, locationContextEnabled: true, mobileEmulationEnabled: false, nativeEvents: true, networkConnectionEnabled: false, pageLoadStrategy: normal, platform: MAC, platformName: MAC, rotatable: false, setWindowRect: true, takesHeapSnapshot: true, takesScreenshot: true, unexpectedAlertBehaviour: ignore, unhandledPromptBehavior: ignore, version: 78.0.3904.70, webStorageEnabled: true}
Session ID: dcce0002ad441b773506285e37a855bf
	at java.base/jdk.internal.reflect.NativeConstructorAccessorImpl.newInstance0(Native Method)
	at java.base/jdk.internal.reflect.NativeConstructorAccessorImpl.newInstance(NativeConstructorAccessorImpl.java:62)
	at java.base/jdk.internal.reflect.DelegatingConstructorAccessorImpl.newInstance(DelegatingConstructorAccessorImpl.java:45)
	at java.base/java.lang.reflect.Constructor.newInstance(Constructor.java:488)
	at org.openqa.selenium.remote.ErrorHandler.createThrowable(ErrorHandler.java:214)
	at org.openqa.selenium.remote.ErrorHandler.throwIfResponseFailed(ErrorHandler.java:166)
	at org.openqa.selenium.remote.http.JsonHttpResponseCodec.reconstructValue(JsonHttpResponseCodec.java:40)
	at org.openqa.selenium.remote.http.AbstractHttpResponseCodec.decode(AbstractHttpResponseCodec.java:80)
	at org.openqa.selenium.remote.http.AbstractHttpResponseCodec.decode(AbstractHttpResponseCodec.java:44)
	at org.openqa.selenium.remote.HttpCommandExecutor.execute(HttpCommandExecutor.java:158)
	at org.openqa.selenium.remote.service.DriverCommandExecutor.execute(DriverCommandExecutor.java:83)
	at org.openqa.selenium.remote.RemoteWebDriver.execute(RemoteWebDriver.java:552)
	at org.openqa.selenium.remote.RemoteWebDriver.execute(RemoteWebDriver.java:609)
	at org.openqa.selenium.remote.RemoteWebDriver$RemoteNavigation.refresh(RemoteWebDriver.java:865)
	at com.fusioncharts.testcases.OnLoadEventsTest.setUp(OnLoadEventsTest.java:79)
	at java.base/jdk.internal.reflect.NativeMethodAccessorImpl.invoke0(Native Method)
	at java.base/jdk.internal.reflect.NativeMethodAccessorImpl.invoke(NativeMethodAccessorImpl.java:62)
	at java.base/jdk.internal.reflect.DelegatingMethodAccessorImpl.invoke(DelegatingMethodAccessorImpl.java:43)
	at java.base/java.lang.reflect.Method.invoke(Method.java:564)
	at org.testng.internal.MethodInvocationHelper.invokeMethod(MethodInvocationHelper.java:85)
	at org.testng.internal.Invoker.invokeConfigurationMethod(Invoker.java:510)
	at org.testng.internal.Invoker.invokeConfigurations(Invoker.java:211)
	at org.testng.internal.Invoker.invokeConfigurations(Invoker.java:138)
	at org.testng.TestRunner.beforeRun(TestRunner.java:648)
	at org.testng.TestRunner.run(TestRunner.java:616)
	at org.testng.SuiteRunner.runTest(SuiteRunner.java:359)
	at org.testng.SuiteRunner.runSequentially(SuiteRunner.java:354)
	at org.testng.SuiteRunner.privateRun(SuiteRunner.java:312)
	at org.testng.SuiteRunner.run(SuiteRunner.java:261)
	at org.testng.SuiteRunnerWorker.runSuite(SuiteRunnerWorker.java:52)
	at org.testng.SuiteRunnerWorker.run(SuiteRunnerWorker.java:86)
	at org.testng.TestNG.runSuitesSequentially(TestNG.java:1215)
	at org.testng.TestNG.runSuitesLocally(TestNG.java:1140)
	at org.testng.TestNG.run(TestNG.java:1048)
	at org.testng.remote.AbstractRemoteTestNG.run(AbstractRemoteTestNG.java:115)
	at org.testng.remote.RemoteTestNG.initAndRun(RemoteTestNG.java:251)
	at org.testng.remote.RemoteTestNG.main(RemoteTestNG.java:77)
]]>
    </failure>
  </testcase> <!-- @BeforeTest setUp -->
  <testcase classname="com.fusioncharts.testcases.OnLoadEventsTest" name="@AfterTest shutDown" time="0.0">
    <skipped/>
  </testcase> <!-- @AfterTest shutDown -->
  <testcase classname="com.fusioncharts.testcases.OnLoadEventsTest" name="beforeDraw" time="0.002">
    <skipped/>
  </testcase> <!-- beforeDraw -->
  <testcase classname="com.fusioncharts.testcases.OnLoadEventsTest" name="loaded" time="0.002">
    <skipped/>
  </testcase> <!-- loaded -->
  <testcase classname="com.fusioncharts.testcases.OnLoadEventsTest" name="beforeRender" time="0.002">
    <skipped/>
  </testcase> <!-- beforeRender -->
  <testcase classname="com.fusioncharts.testcases.OnLoadEventsTest" name="renderComplete" time="0.002">
    <skipped/>
  </testcase> <!-- renderComplete -->
  <testcase classname="com.fusioncharts.testcases.OnLoadEventsTest" name="beforeInitialize" time="0.001">
    <skipped/>
  </testcase> <!-- beforeInitialize -->
  <testcase classname="com.fusioncharts.testcases.OnLoadEventsTest" name="initialized" time="0.002">
    <skipped/>
  </testcase> <!-- initialized -->
  <testcase classname="com.fusioncharts.testcases.OnLoadEventsTest" name="drawComplete" time="0.002">
    <skipped/>
  </testcase> <!-- drawComplete -->
  <testcase classname="com.fusioncharts.testcases.OnLoadEventsTest" name="beforeDataUpdate" time="0.002">
    <skipped/>
  </testcase> <!-- beforeDataUpdate -->
  <testcase classname="com.fusioncharts.testcases.OnLoadEventsTest" name="dataUpdated" time="0.003">
    <skipped/>
  </testcase> <!-- dataUpdated -->
  <testcase classname="com.fusioncharts.testcases.OnLoadEventsTest" name="dataLoaded" time="0.002">
    <skipped/>
  </testcase> <!-- dataLoaded -->
  <testcase classname="com.fusioncharts.testcases.OnLoadEventsTest" name="animationInvoked" time="0.004">
    <skipped/>
  </testcase> <!-- animationInvoked -->
  <testcase classname="com.fusioncharts.testcases.OnLoadEventsTest" name="rendered" time="0.002">
    <skipped/>
  </testcase> <!-- rendered -->
  <testcase classname="com.fusioncharts.testcases.OnLoadEventsTest" name="ready" time="0.006">
    <skipped/>
  </testcase> <!-- ready -->
  <testcase classname="com.fusioncharts.testcases.OnLoadEventsTest" name="beforeDispose" time="0.001">
    <skipped/>
  </testcase> <!-- beforeDispose -->
  <testcase classname="com.fusioncharts.testcases.OnLoadEventsTest" name="disposed" time="0.002">
    <skipped/>
  </testcase> <!-- disposed -->
  <testcase classname="com.fusioncharts.testcases.OnLoadEventsTest" name="beforeResize" time="0.002">
    <skipped/>
  </testcase> <!-- beforeResize -->
  <testcase classname="com.fusioncharts.testcases.OnLoadEventsTest" name="resized" time="0.001">
    <skipped/>
  </testcase> <!-- resized -->
  <testcase classname="com.fusioncharts.testcases.OnLoadEventsTest" name="chartClick" time="0.002">
    <skipped/>
  </testcase> <!-- chartClick -->
  <testcase classname="com.fusioncharts.testcases.OnLoadEventsTest" name="chartMouseMove" time="0.001">
    <skipped/>
  </testcase> <!-- chartMouseMove -->
  <testcase classname="com.fusioncharts.testcases.OnLoadEventsTest" name="chartRollOver" time="0.006">
    <skipped/>
  </testcase> <!-- chartRollOver -->
  <testcase classname="com.fusioncharts.testcases.OnLoadEventsTest" name="chartRollOut" time="0.001">
    <skipped/>
  </testcase> <!-- chartRollOut -->
  <testcase classname="com.fusioncharts.testcases.OnLoadEventsTest" name="beforeExport" time="0.002">
    <skipped/>
  </testcase> <!-- beforeExport -->
  <testcase classname="com.fusioncharts.testcases.OnLoadEventsTest" name="exported" time="0.002">
    <skipped/>
  </testcase> <!-- exported -->
  <testcase classname="com.fusioncharts.testcases.OnLoadEventsTest" name="dataplotRollOver" time="0.001">
    <skipped/>
  </testcase> <!-- dataplotRollOver -->
  <testcase classname="com.fusioncharts.testcases.OnLoadEventsTest" name="dataplotRollOut" time="0.001">
    <skipped/>
  </testcase> <!-- dataplotRollOut -->
  <testcase classname="com.fusioncharts.testcases.OnLoadEventsTest" name="dataplotClick" time="0.001">
    <skipped/>
  </testcase> <!-- dataplotClick -->
  <testcase classname="com.fusioncharts.testcases.OnLoadEventsTest" name="beforePrint" time="0.002">
    <skipped/>
  </testcase> <!-- beforePrint -->
  <testcase classname="com.fusioncharts.testcases.OnLoadEventsTest" name="printComplete" time="0.004">
    <skipped/>
  </testcase> <!-- printComplete -->
  <testcase classname="com.fusioncharts.testcases.OnLoadEventsTest" name="legendItemClicked" time="0.025">
    <skipped/>
  </testcase> <!-- legendItemClicked -->
  <testcase classname="com.fusioncharts.testcases.OnLoadEventsTest" name="legendItemRollover" time="0.005">
    <skipped/>
  </testcase> <!-- legendItemRollover -->
  <testcase classname="com.fusioncharts.testcases.OnLoadEventsTest" name="legendItemRollout" time="0.0">
    <skipped/>
  </testcase> <!-- legendItemRollout -->
=======
<testsuite hostname="LPMB-KOl-Sahelee.local" name="Default test" tests="1" failures="0" timestamp="7 Nov 2019 07:21:58 GMT" time="18.167" errors="0">
  <testcase name="exportCancelled" time="2.096" classname="com.fusioncharts.testcases.ExportCancelledTest"/>
>>>>>>> 962e1f3b3d9d777f0a7abaaa82bcd648d4699f49
</testsuite> <!-- Default test -->
